<?xml version="1.0" encoding="UTF-8"?>
<testsuite xmlns:xsi="http://www.w3.org/2001/XMLSchema-instance" xsi:noNamespaceSchemaLocation="https://maven.apache.org/surefire/maven-surefire-plugin/xsd/surefire-test-report-3.0.xsd" version="3.0" name="TestSuite" time="21.753" tests="3" errors="0" skipped="0" failures="0">
  <properties>
[...]
</properties>
  <testcase name="runScenario[&quot;Login page to HRM&quot;, &quot;Optional[Login Page]&quot;](1)" classname="runner.TestRunner" time="12.846">
    <system-out><![CDATA[
Scenario Outline: Login page to HRM                                # src/test/resources/features/crossbrowser.feature:10

Scenario Outline: Open menu           # src/test/resources/features/MultiBrowserTest.feature:10

Scenario Outline: Open menu           # src/test/resources/features/MultiBrowserTest.feature:9
Launching chrome browser...
Launching chrome browser...
Launching chrome browser...
Starting Driver: ChromeDriver: chrome on WINDOWS (1541da61d31210230d51fbe9e146e4d6)
Starting Driver: ChromeDriver: chrome on WINDOWS (bc9108d5ebc9444036751182fafaa0af)
Starting Driver: ChromeDriver: chrome on WINDOWS (afc5425ece94859a6701d73dc1682981)
Driver on Steps class: ChromeDriver: chrome on WINDOWS (afc5425ece94859a6701d73dc1682981)
  Given user navigate to dashboard    # StepDef.MultiBrowserStep.userNavigateToDashboard()
  Given user navigate to url "https://hrm.anhtester.com/erp/login" # StepDef.crossbrowserStep.userNavigateToUrl(java.lang.String)
  Given user navigate to dashboard    # StepDef.MultiBrowserStep.userNavigateToDashboard()
  When user enter username "admin01" and password "123456"         # StepDef.crossbrowserStep.userEnterUsernameAndPassword(java.lang.String,java.lang.String)
  And click login button                                           # StepDef.crossbrowserStep.clickLoginButton()
  Then The user redirect to Dashboard page                         # StepDef.crossbrowserStep.theUserRedirectToDashboardPage()
Stop Driver: ChromeDriver: chrome on WINDOWS (afc5425ece94859a6701d73dc1682981)
]]></system-out>
    <system-err><![CDATA[[TestNG-PoolService-2] INFO io.github.bonigarcia.wdm.WebDriverManager - Using chromedriver 103.0.5060.134 (resolved driver for Chrome 103)
[TestNG-PoolService-0] INFO io.github.bonigarcia.wdm.WebDriverManager - Using chromedriver 103.0.5060.134 (resolved driver for Chrome 103)
[TestNG-PoolService-1] INFO io.github.bonigarcia.wdm.WebDriverManager - Using chromedriver 103.0.5060.134 (resolved driver for Chrome 103)
[TestNG-PoolService-2] INFO io.github.bonigarcia.wdm.WebDriverManager - Exporting webdriver.chrome.driver as C:\Users\Abhishek_Gupta3\.cache\selenium\chromedriver\win32\103.0.5060.134\chromedriver.exe
[TestNG-PoolService-1] INFO io.github.bonigarcia.wdm.WebDriverManager - Exporting webdriver.chrome.driver as C:\Users\Abhishek_Gupta3\.cache\selenium\chromedriver\win32\103.0.5060.134\chromedriver.exe
[TestNG-PoolService-0] INFO io.github.bonigarcia.wdm.WebDriverManager - Exporting webdriver.chrome.driver as C:\Users\Abhishek_Gupta3\.cache\selenium\chromedriver\win32\103.0.5060.134\chromedriver.exe
Starting ChromeDriver 103.0.5060.134 (8ec6fce403b3feb0869b0732eda8bd95011d333c-refs/branch-heads/5060@{#1262}) on port 20749
Only local connections are allowed.
Please see https://chromedriver.chromium.org/security-considerations for suggestions on keeping ChromeDriver safe.
ChromeDriver was started successfully.
Starting ChromeDriver 103.0.5060.134 (8ec6fce403b3feb0869b0732eda8bd95011d333c-refs/branch-heads/5060@{#1262}) on port 23267
Only local connections are allowed.
Please see https://chromedriver.chromium.org/security-considerations for suggestions on keeping ChromeDriver safe.
ChromeDriver was started successfully.
Starting ChromeDriver 103.0.5060.134 (8ec6fce403b3feb0869b0732eda8bd95011d333c-refs/branch-heads/5060@{#1262}) on port 17942
Only local connections are allowed.
Please see https://chromedriver.chromium.org/security-considerations for suggestions on keeping ChromeDriver safe.
ChromeDriver was started successfully.
Aug 02, 2022 1:44:16 PM org.openqa.selenium.remote.ProtocolHandshake createSession
INFO: Detected dialect: W3C
Aug 02, 2022 1:44:16 PM org.openqa.selenium.remote.ProtocolHandshake createSession
INFO: Detected dialect: W3C
Aug 02, 2022 1:44:16 PM org.openqa.selenium.remote.ProtocolHandshake createSession
INFO: Detected dialect: W3C
]]></system-err>
  </testcase>
  <testcase name="runScenario[&quot;Open menu&quot;, &quot;Optional[Dashboard page]&quot;](2)" classname="runner.TestRunner" time="16.894">
    <system-out><![CDATA[  When user click "Task"              # StepDef.MultiBrowserStep.userClick(java.lang.String)
  When user click "Dá»± Ã¡n"             # StepDef.MultiBrowserStep.userClick(java.lang.String)
  Then The user redirect to this page # StepDef.MultiBrowserStep.theUserRedirectToThisPage()
Stop Driver: ChromeDriver: chrome on WINDOWS (bc9108d5ebc9444036751182fafaa0af)
]]></system-out>
  </testcase>
  <testcase name="runScenario[&quot;Open menu&quot;, &quot;Optional[Dashboard page]&quot;](3)" classname="runner.TestRunner" time="18.904">
    <system-out><![CDATA[  Then The user redirect to this page # StepDef.MultiBrowserStep.theUserRedirectToThisPage()
Stop Driver: ChromeDriver: chrome on WINDOWS (1541da61d31210230d51fbe9e146e4d6)
]]></system-out>
  </testcase>
</testsuite>